
  ___  ____  ____  ____  ____ ®
 /__    /   ____/   /   ____/      StataNow 19.5
___/   /   /___/   /   /___/       BE—Basic Edition

 Statistics and Data Science       Copyright 1985-2025 S
> tataCorp LLC
                                   StataCorp
                                   4905 Lakeway Drive
                                   College Station, Texa
> s 77845 USA
                                   800-782-8272        h
> ttps://www.stata.com
                                   979-696-4600        s
> ervice@stata.com

Stata license: Single-user , expiring 29 Aug 2026
Serial number: 301909360991
  Licensed to: Tyler Sotomayor
               Columbia University

Notes:
      1. Stata is running in batch mode.
      2. Unicode is supported; see help
          unicode_advice.

. do _sweep_explore.do 

. clear all

. set more off

. cd "/Users/tylersotomayor/columbia_university/2025-202
> 6/spring_2026/econ_3412_spring_2026/homework/homework_
> 07"
/Users/tylersotomayor/columbia_university/2025-2026/spri
> ng_2026/econ_3412_spring_2026/homework/homework_07

. 
. di _dup(60) "=" _n "FERTILITY" _n _dup(60) "="
========================================================
> ====
FERTILITY
========================================================
> ====

. use "data/fertility.dta", clear

. describe

Contains data from data/fertility.dta
 Observations:       254,654                  
    Variables:             9                  26 Dec 200
> 5 09:40
--------------------------------------------------------
Variable      Storage   Display    Value
    name         type    format    label      Variable l
> abel
--------------------------------------------------------
morekids        byte    %9.0g                 =1 if mom
                                    had more than 2 kids
boy1st          byte    %9.0g                 =1 if 1st
                                    kid was a boy
boy2nd          byte    %9.0g                 =1 if 2nd
                                    kid was a boy
samesex         byte    %9.0g                 =1 if 1st
                                    two kids same sex
agem1           byte    %9.0g                 age of mom
                                    at census
black           byte    %9.0g                 =1 if mom
                                    is black
hispan          byte    %9.0g                 =1 if mom
                                    is hispanic
othrace         byte    %9.0g                 =1 if mom
                                    is othrace
weeksm1         byte    %9.0g                 moms weeks
                                    worked in 1979
--------------------------------------------------------
Sorted by: 

. sum

    Variable |        Obs        Mean    Std. dev.      
>  Min        Max
-------------+------------------------------------------
> ---------------
    morekids |    254,654    .3805634    .4855263       
>    0          1
      boy1st |    254,654    .5143607    .4997947       
>    0          1
      boy2nd |    254,654    .5125504    .4998434       
>    0          1
     samesex |    254,654    .5055683      .49997       
>    0          1
       agem1 |    254,654    30.39327    3.386447       
>   21         35
-------------+------------------------------------------
> ---------------
       black |    254,654    .0516623    .2213447       
>    0          1
      hispan |    254,654    .0742066    .2621073       
>    0          1
     othrace |    254,654    .0563431    .2305836       
>    0          1
     weeksm1 |    254,654    19.01833    21.86728       
>    0         52

. di _dup(60) "=" _n "MOVIES" _n _dup(60) "="
========================================================
> ====
MOVIES
========================================================
> ====

. use "data/movies.dta", clear

. describe

Contains data from data/movies.dta
 Observations:           516                  
    Variables:            50                  14 Oct 201
> 4 16:03
--------------------------------------------------------
Variable      Storage   Display    Value
    name         type    format    label      Variable l
> abel
--------------------------------------------------------
wkd_ind         int     %8.0g                 
assaults        int     %8.0g                 
attend_v        double  %12.0g                
attend_m        double  %12.0g                
attend_n        double  %12.0g                
pr_attend_v     double  %12.0g                
pr_attend_m     double  %12.0g                
pr_attend_n     double  %12.0g                
attend_v_f      double  %12.0g                
attend_m_f      double  %12.0g                
attend_n_f      double  %12.0g                
attend_v_b      double  %12.0g                
attend_m_b      double  %12.0g                
attend_n_b      double  %12.0g                
h_chris         byte    %8.0g                 
h_newyr         byte    %8.0g                 
h_easter        byte    %8.0g                 
h_july4         byte    %8.0g                 
h_mem           byte    %8.0g                 
h_labor         byte    %8.0g                 
w_maxa          double  %12.0g                
w_maxb          double  %12.0g                
w_maxc          double  %12.0g                
w_mina          double  %12.0g                
w_minb          double  %12.0g                
w_minc          double  %12.0g                
w_rain          double  %12.0g                
w_snow          double  %12.0g                
year1           byte    %8.0g                 
year2           byte    %8.0g                 
year3           byte    %8.0g                 
year4           byte    %8.0g                 
year5           byte    %8.0g                 
year6           byte    %8.0g                 
year7           byte    %8.0g                 
year8           byte    %8.0g                 
year9           byte    %8.0g                 
year10          byte    %8.0g                 
month1          byte    %8.0g                 
month2          byte    %8.0g                 
month3          byte    %8.0g                 
month4          byte    %8.0g                 
month5          byte    %8.0g                 
month6          byte    %8.0g                 
month7          byte    %8.0g                 
month8          byte    %8.0g                 
month9          byte    %8.0g                 
month10         byte    %8.0g                 
month11         byte    %8.0g                 
month12         byte    %8.0g                 
--------------------------------------------------------
Sorted by: 

. sum attend* pr_attend* assaults holiday* | head
variable holiday* not found
r(111);

end of do-file
r(111);
