-------------------------------------------------------------------------------
      name:  <unnamed>
       log:  /Users/tylersotomayor/columbia_university/2025-2026/spring_2026/ec
> on_3412_spring_2026/homework/homework_07/do_files/ps7_sw_ee.log
  log type:  text
 opened on:  22 Apr 2026, 04:10:08

. 
. file open mac using "output/tables/prob_sw_ee_macros.tex", write replace

. file write mac "% Auto-generated by ps7_sw_ee.do; do not edit by hand." _n

. 
. *==============================================================
. * E12.1  Fertility and labor supply  (fertility.dta)
. *==============================================================
. use "data/fertility.dta", clear

. di _dup(60) "=" _n "E12.1 FERTILITY" _n _dup(60) "="
============================================================
E12.1 FERTILITY
============================================================

. count
  254,654

. scalar n_fert = r(N)

. 
. * (a) OLS of weeksm1 on morekids
. reg weeksm1 morekids, r

Linear regression                               Number of obs     =    254,654
                                                F(1, 254652)      =    3820.91
                                                Prob > F          =     0.0000
                                                R-squared         =     0.0143
                                                Root MSE          =      21.71

------------------------------------------------------------------------------
             |               Robust
     weeksm1 | Coefficient  std. err.      t    P>|t|     [95% conf. interval]
-------------+----------------------------------------------------------------
    morekids |  -5.386996   .0871491   -61.81   0.000    -5.557806   -5.216186
       _cons |   21.06843   .0560681   375.76   0.000     20.95854    21.17832
------------------------------------------------------------------------------

. scalar ff_a_b  = _b[morekids]

. scalar ff_a_se = _se[morekids]

. 
. * (c) First stage: morekids on samesex
. reg morekids samesex, r

Linear regression                               Number of obs     =    254,654
                                                F(1, 254652)      =    1238.17
                                                Prob > F          =     0.0000
                                                R-squared         =     0.0048
                                                Root MSE          =     .48435

------------------------------------------------------------------------------
             |               Robust
    morekids | Coefficient  std. err.      t    P>|t|     [95% conf. interval]
-------------+----------------------------------------------------------------
     samesex |   .0675253    .001919    35.19   0.000     .0637641    .0712865
       _cons |   .3464248    .001341   258.34   0.000     .3437965    .3490531
------------------------------------------------------------------------------

. scalar ff_c_b  = _b[samesex]

. scalar ff_c_se = _se[samesex]

. test samesex

 ( 1)  samesex = 0

       F(  1,254652) = 1238.17
            Prob > F =    0.0000

. scalar ff_c_F  = r(F)

. 
. * (f) IV: weeksm1 on morekids, instrument = samesex, no controls  (rec11 styl
> e)
. ivregress 2sls weeksm1 (morekids = samesex), small r

Instrumental-variables 2SLS regression            Number of obs   =    254,654
                                                  F(  1,254652)   =      24.53
                                                  Prob > F        =     0.0000
                                                  R-squared       =     0.0139
                                                  Adj R-squared   =     0.0139
                                                  Root MSE        =     21.715

------------------------------------------------------------------------------
             |               Robust
     weeksm1 | Coefficient  std. err.      t    P>|t|     [95% conf. interval]
-------------+----------------------------------------------------------------
    morekids |  -6.313685   1.274686    -4.95   0.000    -8.812035   -3.815335
       _cons |   21.42109   .4872506    43.96   0.000     20.46609    22.37609
------------------------------------------------------------------------------
Endogenous: morekids
Exogenous:  samesex

. scalar ff_f_b  = _b[morekids]

. scalar ff_f_se = _se[morekids]

. estat firststage

  First-stage regression summary statistics
  --------------------------------------------------------------------------
               |            Adjusted      Partial       Robust
      Variable |   R-sq.       R-sq.        R-sq.   F(1,254652)   Prob > F
  -------------+------------------------------------------------------------
      morekids |  0.0048      0.0048       0.0048       1238.17    0.0000
  --------------------------------------------------------------------------


. 
. * (g) IV with exogenous controls agem1 black hispan othrace  (rec11 style)
. ivregress 2sls weeksm1 (morekids = samesex) agem1 black hispan othrace, small
>  r

Instrumental-variables 2SLS regression            Number of obs   =    254,654
                                                  F(  5,254648)   =    1390.96
                                                  Prob > F        =     0.0000
                                                  R-squared       =     0.0437
                                                  Adj R-squared   =     0.0437
                                                  Root MSE        =     21.385

------------------------------------------------------------------------------
             |               Robust
     weeksm1 | Coefficient  std. err.      t    P>|t|     [95% conf. interval]
-------------+----------------------------------------------------------------
    morekids |  -5.821051   1.246401    -4.67   0.000    -8.263963   -3.378139
       agem1 |   .8315975   .0226408    36.73   0.000     .7872221     .875973
       black |   11.62327    .231798    50.14   0.000     11.16896    12.07759
      hispan |   .4041802   .2607993     1.55   0.121    -.1069795    .9153399
     othrace |   2.130962   .2109882    10.10   0.000     1.717431    2.544493
       _cons |  -4.791894   .3897914   -12.29   0.000    -5.555874   -4.027913
------------------------------------------------------------------------------
Endogenous: morekids
Exogenous:  agem1 black hispan othrace samesex

. scalar ff_g_b  = _b[morekids]

. scalar ff_g_se = _se[morekids]

. estat firststage

  First-stage regression summary statistics
  --------------------------------------------------------------------------
               |            Adjusted      Partial       Robust
      Variable |   R-sq.       R-sq.        R-sq.   F(1,254648)   Prob > F
  -------------+------------------------------------------------------------
      morekids |  0.0242      0.0242       0.0050       1280.94    0.0000
  --------------------------------------------------------------------------


. * First-stage F for samesex with controls (for macro display)
. reg morekids samesex agem1 black hispan othrace, r

Linear regression                               Number of obs     =    254,654
                                                F(5, 254648)      =    1303.93
                                                Prob > F          =     0.0000
                                                R-squared         =     0.0242
                                                Root MSE          =     .47962

------------------------------------------------------------------------------
             |               Robust
    morekids | Coefficient  std. err.      t    P>|t|     [95% conf. interval]
-------------+----------------------------------------------------------------
     samesex |   .0680081   .0019002    35.79   0.000     .0642838    .0717324
       agem1 |   .0153898    .000276    55.76   0.000     .0148489    .0159308
       black |   .1005237   .0044425    22.63   0.000     .0918165    .1092308
      hispan |   .1512258   .0041159    36.74   0.000     .1431588    .1592929
     othrace |   .0275069   .0046398     5.93   0.000      .018413    .0366008
       _cons |  -.1395319   .0084595   -16.49   0.000    -.1561124   -.1229514
------------------------------------------------------------------------------

. test samesex

 ( 1)  samesex = 0

       F(  1,254648) = 1280.94
            Prob > F =    0.0000

. scalar ff_g_F  = r(F)

. 
. file write mac "\newcommand{\fertN}{"       %9.0fc (n_fert)  "}" _n

. file write mac "\newcommand{\fertOLSb}{"    %7.4f (ff_a_b)   "}" _n

. file write mac "\newcommand{\fertOLSse}{"   %7.4f (ff_a_se)  "}" _n

. file write mac "\newcommand{\fertFSb}{"     %7.4f (ff_c_b)   "}" _n

. file write mac "\newcommand{\fertFSse}{"    %7.4f (ff_c_se)  "}" _n

. file write mac "\newcommand{\fertFSF}{"     %6.1f (ff_c_F)   "}" _n

. file write mac "\newcommand{\fertIVb}{"     %7.4f (ff_f_b)   "}" _n

. file write mac "\newcommand{\fertIVse}{"    %7.4f (ff_f_se)  "}" _n

. file write mac "\newcommand{\fertIVctrlb}{"  %7.4f (ff_g_b)  "}" _n

. file write mac "\newcommand{\fertIVctrlse}{" %7.4f (ff_g_se) "}" _n

. file write mac "\newcommand{\fertFSctrlF}{" %6.1f (ff_g_F)   "}" _n

. 
. *==============================================================
. * E12.2  Movie attendance and assaults (movies.dta)
. *==============================================================
. use "data/movies.dta", clear

. di _dup(60) "=" _n "E12.2 MOVIES" _n _dup(60) "="
============================================================
E12.2 MOVIES
============================================================

. count
  516

. scalar n_mov = r(N)

. 
. gen ln_assaults = ln(assaults)

. gen attend = attend_v + attend_m + attend_n

. 
. * (a.i) seasonality in ln_assaults
. reg ln_assaults month2-month12 year2-year10, r

Linear regression                               Number of obs     =        516
                                                F(20, 495)        =    3081.12
                                                Prob > F          =     0.0000
                                                R-squared         =     0.9917
                                                Root MSE          =     .05868

------------------------------------------------------------------------------
             |               Robust
 ln_assaults | Coefficient  std. err.      t    P>|t|     [95% conf. interval]
-------------+----------------------------------------------------------------
      month2 |   .0168826   .0136026     1.24   0.215    -.0098434    .0436087
      month3 |   .0799446   .0129937     6.15   0.000      .054415    .1054742
      month4 |   .1297383   .0126781    10.23   0.000     .1048288    .1546478
      month5 |   .1802473    .011404    15.81   0.000     .1578411    .2026535
      month6 |    .166302   .0112944    14.72   0.000      .144111    .1884929
      month7 |   .1738895   .0113494    15.32   0.000     .1515905    .1961885
      month8 |   .1767969   .0114499    15.44   0.000     .1543004    .1992933
      month9 |   .1976758   .0126287    15.65   0.000     .1728633    .2224883
     month10 |   .1417214   .0129199    10.97   0.000     .1163367     .167106
     month11 |   .0248213   .0132296     1.88   0.061    -.0011718    .0508145
     month12 |  -.0054357   .0201344    -0.27   0.787     -.044995    .0341237
       year2 |   .6949052   .0138627    50.13   0.000     .6676681    .7221423
       year3 |   1.008377   .0136139    74.07   0.000     .9816289    1.035125
       year4 |   1.245359   .0133617    93.20   0.000     1.219106    1.271611
       year5 |   1.414503   .0166844    84.78   0.000     1.381722    1.447284
       year6 |   1.695259   .0135572   125.05   0.000     1.668622    1.721896
       year7 |   1.850901    .012663   146.17   0.000     1.826021     1.87578
       year8 |   1.901345   .0136947   138.84   0.000     1.874438    1.928252
       year9 |   1.943667   .0133783   145.28   0.000     1.917382    1.969953
      year10 |    2.07023   .0135387   152.91   0.000     2.043629     2.09683
       _cons |   6.727564   .0158717   423.87   0.000     6.696379    6.758748
------------------------------------------------------------------------------

. test month2 month3 month4 month5 month6 month7 month8 month9 month10 month11 
> month12

 ( 1)  month2 = 0
 ( 2)  month3 = 0
 ( 3)  month4 = 0
 ( 4)  month5 = 0
 ( 5)  month6 = 0
 ( 6)  month7 = 0
 ( 7)  month8 = 0
 ( 8)  month9 = 0
 ( 9)  month10 = 0
 (10)  month11 = 0
 (11)  month12 = 0

       F( 11,   495) =   78.28
            Prob > F =    0.0000

. scalar mv_ai_F = r(F)

. scalar mv_ai_p = r(p)

. 
. * (a.ii) seasonality in total attendance
. reg attend month2-month12 year2-year10, r

Linear regression                               Number of obs     =        516
                                                F(20, 495)        =      42.91
                                                Prob > F          =     0.0000
                                                R-squared         =     0.4801
                                                Root MSE          =     3.6081

------------------------------------------------------------------------------
             |               Robust
      attend | Coefficient  std. err.      t    P>|t|     [95% conf. interval]
-------------+----------------------------------------------------------------
      month2 |  -.6612766   .7009894    -0.94   0.346    -2.038558     .716005
      month3 |  -2.168523   .5955573    -3.64   0.000    -3.338654   -.9983908
      month4 |  -3.403276   .5814554    -5.85   0.000    -4.545701   -2.260851
      month5 |   .9224337   .9270315     1.00   0.320    -.8989681    2.743836
      month6 |   2.916713   .7300392     4.00   0.000     1.482355     4.35107
      month7 |   5.393685   .6953635     7.76   0.000     4.027457    6.759913
      month8 |   1.212276   .7704702     1.57   0.116    -.3015197    2.726071
      month9 |  -5.425176    .616106    -8.81   0.000    -6.635682   -4.214671
     month10 |  -3.325857   .5581642    -5.96   0.000    -4.422521   -2.229194
     month11 |   3.879529    .843322     4.60   0.000     2.222597    5.536461
     month12 |   .6773855   1.085198     0.62   0.533    -1.454776    2.809547
       year2 |   .8971667   .7636281     1.17   0.241    -.6031852    2.397519
       year3 |   2.031086   .7631443     2.66   0.008     .5316844    3.530487
       year4 |   3.399118   .7252725     4.69   0.000     1.974126    4.824111
       year5 |   2.951545   .7224094     4.09   0.000     1.532178    4.370911
       year6 |   2.512028   .7010538     3.58   0.000      1.13462    3.889436
       year7 |   3.122399   .7485516     4.17   0.000     1.651668    4.593129
       year8 |   5.041182   .7495138     6.73   0.000     3.568561    6.513803
       year9 |   4.405701   .7076609     6.23   0.000     3.015312    5.796091
      year10 |   3.727569   .6969277     5.35   0.000     2.358268     5.09687
       _cons |   16.03961   .7462924    21.49   0.000     14.57332     17.5059
------------------------------------------------------------------------------

. test month2 month3 month4 month5 month6 month7 month8 month9 month10 month11 
> month12

 ( 1)  month2 = 0
 ( 2)  month3 = 0
 ( 3)  month4 = 0
 ( 4)  month5 = 0
 ( 5)  month6 = 0
 ( 6)  month7 = 0
 ( 7)  month8 = 0
 ( 8)  month9 = 0
 ( 9)  month10 = 0
 (10)  month11 = 0
 (11)  month12 = 0

       F( 11,   495) =   58.57
            Prob > F =    0.0000

. scalar mv_aii_F = r(F)

. scalar mv_aii_p = r(p)

. 
. * (b) OLS of ln_assaults on attend_v attend_m attend_n + rec11 controls (w_* 
> h_*)
. reg ln_assaults attend_v attend_m attend_n month2-month12 year2-year10 w_* h_
> *, r

Linear regression                               Number of obs     =        516
                                                F(37, 478)        =    3166.20
                                                Prob > F          =     0.0000
                                                R-squared         =     0.9959
                                                Root MSE          =     .04189

------------------------------------------------------------------------------
             |               Robust
 ln_assaults | Coefficient  std. err.      t    P>|t|     [95% conf. interval]
-------------+----------------------------------------------------------------
    attend_v |  -.0031689   .0010095    -3.14   0.002    -.0051525   -.0011854
    attend_m |  -.0031382   .0007002    -4.48   0.000    -.0045141   -.0017623
    attend_n |  -.0021052   .0007404    -2.84   0.005      -.00356   -.0006504
      month2 |  -.0072582   .0124247    -0.58   0.559     -.031672    .0171556
      month3 |   .0125548   .0124661     1.01   0.314    -.0119403    .0370499
      month4 |   .0018641   .0153559     0.12   0.903    -.0283094    .0320375
      month5 |   .0079486   .0158838     0.50   0.617    -.0232621    .0391593
      month6 |  -.0290296    .016749    -1.73   0.084    -.0619403    .0038811
      month7 |  -.0343484   .0174474    -1.97   0.050    -.0686315   -.0000654
      month8 |  -.0384584   .0173885    -2.21   0.027    -.0726258    -.004291
      month9 |  -.0128549   .0180179    -0.71   0.476    -.0482589    .0225491
     month10 |  -.0024732   .0166148    -0.15   0.882    -.0351204    .0301739
     month11 |  -.0431935   .0134709    -3.21   0.001     -.069663   -.0167239
     month12 |   -.030492   .0172486    -1.77   0.078    -.0643844    .0034003
       year2 |   .7008109   .0098018    71.50   0.000     .6815509    .7200709
       year3 |   1.017069   .0100452   101.25   0.000     .9973307    1.036807
       year4 |    1.22673   .0098888   124.05   0.000     1.207299     1.24616
       year5 |   1.389127   .0113609   122.27   0.000     1.366803     1.41145
       year6 |   1.688294   .0091901   183.71   0.000     1.670236    1.706352
       year7 |   1.839547   .0097684   188.32   0.000     1.820352    1.858741
       year8 |   1.898393   .0104275   182.06   0.000     1.877904    1.918883
       year9 |   1.950122    .010452   186.58   0.000     1.929585     1.97066
      year10 |   2.072147   .0105116   197.13   0.000     2.051492    2.092801
      w_maxa |   .1099056   .0111757     9.83   0.000      .087946    .1318652
      w_maxb |   .1107481   .0138328     8.01   0.000     .0835674    .1379287
      w_maxc |   .0423239   .0440855     0.96   0.338    -.0443014    .1289492
      w_mina |  -.3405203   .0576229    -5.91   0.000    -.4537459   -.2272948
      w_minb |  -.1725487   .0375872    -4.59   0.000    -.2464053   -.0986922
      w_minc |  -.1196086    .018433    -6.49   0.000    -.1558284   -.0833888
      w_rain |   -.032289   .0120337    -2.68   0.008    -.0559345   -.0086436
      w_snow |  -.0611942   .0422129    -1.45   0.148    -.1441401    .0217517
     h_chris |  -.0879397   .0343803    -2.56   0.011    -.1554948   -.0203845
     h_newyr |    .245256   .1112936     2.20   0.028     .0265707    .4639412
    h_easter |  -.0369402   .0138321    -2.67   0.008    -.0641194    -.009761
     h_july4 |    .035178   .0148879     2.36   0.019     .0059243    .0644317
       h_mem |   .0059252   .0117228     0.51   0.613    -.0171094    .0289597
     h_labor |   .0241491   .0108193     2.23   0.026     .0028898    .0454084
       _cons |   6.914316   .0199267   346.99   0.000     6.875161    6.953471
------------------------------------------------------------------------------

. scalar mv_b_bv = _b[attend_v]

. scalar mv_b_sev = _se[attend_v]

. scalar mv_b_bm = _b[attend_m]

. scalar mv_b_sem = _se[attend_m]

. scalar mv_b_bn = _b[attend_n]

. scalar mv_b_sen = _se[attend_n]

. 
. * Pairwise equality tests (for the SW (b)(ii) question as written)
. test attend_v = attend_m

 ( 1)  attend_v - attend_m = 0

       F(  1,   478) =    0.00
            Prob > F =    0.9698

. scalar mv_b_pvm = r(p)

. test attend_v = attend_n

 ( 1)  attend_v - attend_n = 0

       F(  1,   478) =    1.63
            Prob > F =    0.2021

. scalar mv_b_pvn = r(p)

. 
. * Joint zero test (rec11 style)
. test attend_v attend_m attend_n

 ( 1)  attend_v = 0
 ( 2)  attend_m = 0
 ( 3)  attend_n = 0

       F(  3,   478) =    6.80
            Prob > F =    0.0002

. scalar mv_b_Fj  = r(F)

. scalar mv_b_pj  = r(p)

. 
. * (b.iii) scenario via lincom (rec11 style): +6M violent, -2M moderate, -1M n
> onviolent
. lincom 6*attend_v - 2*attend_m - 1*attend_n

 ( 1)  6*attend_v - 2*attend_m - attend_n = 0

------------------------------------------------------------------------------
 ln_assaults | Coefficient  Std. err.      t    P>|t|     [95% conf. interval]
-------------+----------------------------------------------------------------
         (1) |  -.0106321   .0050029    -2.13   0.034    -.0204624   -.0008017
------------------------------------------------------------------------------

. scalar mv_b_predict = r(estimate)

. scalar mv_b_predSE  = r(se)

. scalar mv_b_predLo  = r(lb)

. scalar mv_b_predHi  = r(ub)

. 
. * (c) IV with pr_attend_v/m/n as instruments (rec11 style: small r)
. ivregress 2sls ln_assaults (attend_v attend_m attend_n = pr_attend_v pr_atten
> d_m pr_attend_n) month2-month12 year2-year10 w_* h_*, small r

Instrumental-variables 2SLS regression            Number of obs   =        516
                                                  F( 37,   478)   =    3121.78
                                                  Prob > F        =     0.0000
                                                  R-squared       =     0.9959
                                                  Adj R-squared   =     0.9956
                                                  Root MSE        =     .04196

------------------------------------------------------------------------------
             |               Robust
 ln_assaults | Coefficient  std. err.      t    P>|t|     [95% conf. interval]
-------------+----------------------------------------------------------------
    attend_v |  -.0038738   .0009844    -3.94   0.000     -.005808   -.0019395
    attend_m |   -.003893   .0007632    -5.10   0.000    -.0053927   -.0023933
    attend_n |  -.0027221   .0007662    -3.55   0.000    -.0042277   -.0012165
      month2 |  -.0077646   .0124704    -0.62   0.534    -.0322682     .016739
      month3 |   .0110924   .0122002     0.91   0.364    -.0128803     .035065
      month4 |  -.0005342   .0148693    -0.04   0.971    -.0297513     .028683
      month5 |   .0076987   .0156259     0.49   0.622    -.0230052    .0384026
      month6 |  -.0269358   .0170656    -1.58   0.115    -.0604686     .006597
      month7 |  -.0307414   .0179425    -1.71   0.087    -.0659975    .0045146
      month8 |  -.0378367   .0174116    -2.17   0.030    -.0720494   -.0036241
      month9 |   -.016287   .0174138    -0.94   0.350     -.050504    .0179301
     month10 |  -.0044821    .016299    -0.27   0.783    -.0365088    .0275445
     month11 |  -.0408121   .0142156    -2.87   0.004    -.0687448   -.0128793
     month12 |  -.0309746   .0173603    -1.78   0.075    -.0650866    .0031374
       year2 |   .7019494   .0097997    71.63   0.000     .6826936    .7212052
       year3 |   1.019174   .0099945   101.97   0.000     .9995351    1.038812
       year4 |   1.229336   .0098594   124.69   0.000     1.209963    1.248709
       year5 |   1.391017   .0110527   125.85   0.000     1.369299    1.412735
       year6 |   1.690185   .0092153   183.41   0.000     1.672078    1.708293
       year7 |   1.842249   .0097237   189.46   0.000     1.823142    1.861355
       year8 |   1.902298   .0103664   183.51   0.000     1.881929    1.922668
       year9 |     1.9535   .0102022   191.48   0.000     1.933453    1.973546
      year10 |   2.075025   .0103457   200.57   0.000     2.054696    2.095354
      w_maxa |   .1101143   .0112436     9.79   0.000     .0880213    .1322073
      w_maxb |   .1123801   .0139727     8.04   0.000     .0849247    .1398355
      w_maxc |   .0469043   .0441377     1.06   0.288    -.0398237    .1336322
      w_mina |  -.3440014   .0582707    -5.90   0.000    -.4584999    -.229503
      w_minb |  -.1735184   .0375329    -4.62   0.000    -.2472683   -.0997686
      w_minc |   -.117815   .0185142    -6.36   0.000    -.1541942   -.0814359
      w_rain |  -.0316783   .0120368    -2.63   0.009    -.0553299   -.0080267
      w_snow |  -.0599755   .0425581    -1.41   0.159    -.1435997    .0236487
     h_chris |   -.083975    .034649    -2.42   0.016    -.1520581   -.0158919
     h_newyr |   .2510778   .1104574     2.27   0.023     .0340358    .4681198
    h_easter |  -.0357588   .0137768    -2.60   0.010    -.0628294   -.0086883
     h_july4 |   .0348679   .0151747     2.30   0.022     .0050505    .0646853
       h_mem |   .0112309   .0118058     0.95   0.342    -.0119668    .0344287
     h_labor |   .0235949   .0107938     2.19   0.029     .0023857    .0448041
       _cons |   6.924178   .0187017   370.24   0.000      6.88743    6.960926
------------------------------------------------------------------------------
Endogenous: attend_v attend_m attend_n
Exogenous:  month2 month3 month4 month5 month6 month7 month8 month9 month10
            month11 month12 year2 year3 year4 year5 year6 year7 year8 year9
            year10 w_maxa w_maxb w_maxc w_mina w_minb w_minc w_rain w_snow
            h_chris h_newyr h_easter h_july4 h_mem h_labor pr_attend_v
            pr_attend_m pr_attend_n

. scalar mv_c_bv = _b[attend_v]

. scalar mv_c_sev = _se[attend_v]

. scalar mv_c_bm = _b[attend_m]

. scalar mv_c_sem = _se[attend_m]

. scalar mv_c_bn = _b[attend_n]

. scalar mv_c_sen = _se[attend_n]

. test attend_v = attend_m

 ( 1)  attend_v - attend_m = 0

       F(  1,   478) =    0.00
            Prob > F =    0.9811

. scalar mv_c_pvm = r(p)

. test attend_v = attend_n

 ( 1)  attend_v - attend_n = 0

       F(  1,   478) =    1.82
            Prob > F =    0.1781

. scalar mv_c_pvn = r(p)

. lincom 6*attend_v - 2*attend_m - 1*attend_n

 ( 1)  6*attend_v - 2*attend_m - attend_n = 0

------------------------------------------------------------------------------
 ln_assaults | Coefficient  Std. err.      t    P>|t|     [95% conf. interval]
-------------+----------------------------------------------------------------
         (1) |  -.0127345    .004842    -2.63   0.009    -.0222487   -.0032203
------------------------------------------------------------------------------

. scalar mv_c_predict = r(estimate)

. scalar mv_c_predSE  = r(se)

. scalar mv_c_predLo  = r(lb)

. scalar mv_c_predHi  = r(ub)

. * First-stage F for each endogenous regressor
. reg attend_v pr_attend_v pr_attend_m pr_attend_n month2-month12 year2-year10 
> w_* h_*, r

Linear regression                               Number of obs     =        516
                                                F(37, 478)        =     124.20
                                                Prob > F          =     0.0000
                                                R-squared         =     0.9447
                                                Root MSE          =     .55642

------------------------------------------------------------------------------
             |               Robust
    attend_v | Coefficient  std. err.      t    P>|t|     [95% conf. interval]
-------------+----------------------------------------------------------------
 pr_attend_v |   .9105146   .0201384    45.21   0.000      .870944    .9500853
 pr_attend_m |  -.0478243   .0089165    -5.36   0.000    -.0653448   -.0303038
 pr_attend_n |  -.0548029   .0078345    -7.00   0.000    -.0701972   -.0394086
      month2 |     .17937   .1457556     1.23   0.219    -.1070309    .4657709
      month3 |  -.0011186   .1125295    -0.01   0.992    -.2222323    .2199951
      month4 |  -.1589316   .1361477    -1.17   0.244    -.4264535    .1085903
      month5 |  -.0292345   .1641971    -0.18   0.859    -.3518717    .2934028
      month6 |  -.0679358   .1964984    -0.35   0.730    -.4540432    .3181716
      month7 |   .3397566    .219281     1.55   0.122    -.0911173    .7706305
      month8 |   .3582876   .2237859     1.60   0.110    -.0814381    .7980132
      month9 |   .0231311     .18672     0.12   0.901    -.3437624    .3900246
     month10 |  -.0627964   .1485783    -0.42   0.673    -.3547437    .2291509
     month11 |   .3571172   .1448536     2.47   0.014     .0724887    .6417458
     month12 |   .0947517   .1639195     0.58   0.564    -.2273402    .4168436
       year2 |   .2756016   .1421854     1.94   0.053    -.0037841    .5549874
       year3 |   .3658916   .1550176     2.36   0.019     .0612915    .6704917
       year4 |   .4674339   .1201662     3.89   0.000     .2313147    .7035531
       year5 |   .3352745    .117459     2.85   0.004     .1044748    .5660743
       year6 |   .2936324   .1301366     2.26   0.025     .0379219     .549343
       year7 |   .5063344   .1498058     3.38   0.001     .2119752    .8006937
       year8 |   .5147279   .1380701     3.73   0.000     .2434286    .7860273
       year9 |   .5541136   .1359904     4.07   0.000     .2869007    .8213264
      year10 |   .5209426   .1499317     3.47   0.001     .2263358    .8155494
      w_maxa |     .03533   .1680098     0.21   0.834    -.2947991    .3654591
      w_maxb |   .1544177   .2326941     0.66   0.507     -.302812    .6116474
      w_maxc |   .2514172   .7094081     0.35   0.723    -1.142527    1.645361
      w_mina |  -.9641651   .6707933    -1.44   0.151    -2.282233    .3539029
      w_minb |  -.3389542   .3033931    -1.12   0.264    -.9351033    .2571948
      w_minc |    .342594   .2258247     1.52   0.130    -.1011379    .7863258
      w_rain |  -.1210071   .1514435    -0.80   0.425    -.4185845    .1765702
      w_snow |   .8000448   .6813417     1.17   0.241    -.5387503     2.13884
     h_chris |   .2161211   .2165257     1.00   0.319    -.2093386    .6415809
     h_newyr |   .6513195   .3683432     1.77   0.078    -.0724524    1.375092
    h_easter |   .3026398   .1691592     1.79   0.074    -.0297478    .6350275
     h_july4 |  -.2626379   .2597388    -1.01   0.312    -.7730089    .2477331
       h_mem |   .2642945   .1157163     2.28   0.023     .0369189    .4916701
     h_labor |  -.0745582   .1478588    -0.50   0.614    -.3650919    .2159754
       _cons |   .5091689     .22637     2.25   0.025     .0643656    .9539722
------------------------------------------------------------------------------

. test pr_attend_v pr_attend_m pr_attend_n

 ( 1)  pr_attend_v = 0
 ( 2)  pr_attend_m = 0
 ( 3)  pr_attend_n = 0

       F(  3,   478) =  847.13
            Prob > F =    0.0000

. scalar mv_c_F_v = r(F)

. reg attend_m pr_attend_v pr_attend_m pr_attend_n month2-month12 year2-year10 
> w_* h_*, r

Linear regression                               Number of obs     =        516
                                                F(37, 478)        =     135.95
                                                Prob > F          =     0.0000
                                                R-squared         =     0.9393
                                                Root MSE          =     1.0941

------------------------------------------------------------------------------
             |               Robust
    attend_m | Coefficient  std. err.      t    P>|t|     [95% conf. interval]
-------------+----------------------------------------------------------------
 pr_attend_v |  -.1480986   .0208712    -7.10   0.000    -.1891093    -.107088
 pr_attend_m |   .8736249   .0198567    44.00   0.000     .8346077    .9126422
 pr_attend_n |   -.125407   .0162945    -7.70   0.000    -.1574246   -.0933893
      month2 |   .1691981   .1983817     0.85   0.394    -.2206099    .5590062
      month3 |  -.1083113   .1776228    -0.61   0.542    -.4573294    .2407068
      month4 |  -.3039987   .2165178    -1.40   0.161     -.729443    .1214457
      month5 |    .537854   .3987222     1.35   0.178     -.245611    1.321319
      month6 |   1.063737   .4288725     2.48   0.013     .2210284    1.906445
      month7 |   1.193397   .4543141     2.63   0.009     .3006974    2.086097
      month8 |   .2472784   .3884262     0.64   0.525    -.5159555    1.010512
      month9 |  -.4413559   .3250769    -1.36   0.175    -1.080112    .1974004
     month10 |  -.2188557   .2502497    -0.87   0.382    -.7105812    .2728698
     month11 |   .5014096   .2460197     2.04   0.042     .0179958    .9848233
     month12 |   .2063554    .241923     0.85   0.394    -.2690087    .6817195
       year2 |  -.1136181   .1824031    -0.62   0.534     -.472029    .2447929
       year3 |   .3728594    .180581     2.06   0.039     .0180287      .72769
       year4 |   .3437174   .1681664     2.04   0.042     .0132805    .6741542
       year5 |  -.1312551   .1757817    -0.75   0.456    -.4766553    .2141452
       year6 |   .0363834   .1637943     0.22   0.824    -.2854626    .3582293
       year7 |   .2047753   .1892354     1.08   0.280    -.1670609    .5766114
       year8 |   .5478131   .2188492     2.50   0.013     .1177877    .9778385
       year9 |   .7911166   .2118403     3.73   0.000     .3748633     1.20737
      year10 |   .5298989   .2105952     2.52   0.012     .1160921    .9437056
      w_maxa |  -.3910856   .3995702    -0.98   0.328    -1.176217    .3940456
      w_maxb |  -.0630878   .5237359    -0.12   0.904    -1.092197    .9660214
      w_maxc |   -.903138   1.808621    -0.50   0.618    -4.456969    2.650693
      w_mina |   .4095034   .6474572     0.63   0.527    -.8627107    1.681718
      w_minb |  -1.674801   .5752448    -2.91   0.004    -2.805122   -.5444795
      w_minc |  -.1525194   .4029329    -0.38   0.705    -.9442582    .6392193
      w_rain |   .2475275   .3157845     0.78   0.434    -.3729698    .8680248
      w_snow |   .8851916   .5394994     1.64   0.102     -.174892    1.945275
     h_chris |   .5538806   .4614193     1.20   0.231    -.3527802    1.460541
     h_newyr |   .4082558   .9634487     0.42   0.672    -1.484862    2.301374
    h_easter |   .1814996   .1736456     1.05   0.296    -.1597035    .5227027
     h_july4 |  -.4991779   .5069931    -0.98   0.325    -1.495388    .4970328
       h_mem |   1.355222   .6873523     1.97   0.049     .0046167    2.705828
     h_labor |   .0242582   .2479227     0.10   0.922    -.4628949    .5114113
       _cons |   2.124995   .3560933     5.97   0.000     1.425294    2.824697
------------------------------------------------------------------------------

. test pr_attend_v pr_attend_m pr_attend_n

 ( 1)  pr_attend_v = 0
 ( 2)  pr_attend_m = 0
 ( 3)  pr_attend_n = 0

       F(  3,   478) =  848.09
            Prob > F =    0.0000

. scalar mv_c_F_m = r(F)

. reg attend_n pr_attend_v pr_attend_m pr_attend_n month2-month12 year2-year10 
> w_* h_*, r

Linear regression                               Number of obs     =        516
                                                F(37, 478)        =     110.13
                                                Prob > F          =     0.0000
                                                R-squared         =     0.9053
                                                Root MSE          =     1.2688

------------------------------------------------------------------------------
             |               Robust
    attend_n | Coefficient  std. err.      t    P>|t|     [95% conf. interval]
-------------+----------------------------------------------------------------
 pr_attend_v |  -.1338903   .0270258    -4.95   0.000    -.1869943   -.0807863
 pr_attend_m |   -.122498   .0231015    -5.30   0.000    -.1678911   -.0771049
 pr_attend_n |   .8679917   .0239983    36.17   0.000     .8208365    .9151468
      month2 |  -.1749046   .3497898    -0.50   0.617    -.8622203    .5124112
      month3 |  -.7873425   .3766356    -2.09   0.037    -1.527409   -.0472764
      month4 |  -.9179201   .4650963    -1.97   0.049    -1.831806   -.0040342
      month5 |   -1.45494   .5319279    -2.74   0.006    -2.500146   -.4097341
      month6 |  -.3992382   .5637905    -0.71   0.479    -1.507052     .708576
      month7 |  -.1080097   .6006395    -0.18   0.857     -1.28823     1.07221
      month8 |  -.7133653   .5748441    -1.24   0.215    -1.842899    .4161684
      month9 |  -1.142358   .5682117    -2.01   0.045     -2.25886   -.0258569
     month10 |  -1.078073   .4964712    -2.17   0.030    -2.053609   -.1025376
     month11 |   .1213546   .4907394     0.25   0.805    -.8429186    1.085628
     month12 |  -.5142028   .4232765    -1.21   0.225    -1.345916    .3175099
       year2 |   .6340326   .2915847     2.17   0.030     .0610863    1.206979
       year3 |    .989118   .3047616     3.25   0.001     .3902798    1.587956
       year4 |   .7499192   .2485497     3.02   0.003     .2615342    1.238304
       year5 |   .3354817   .2698566     1.24   0.214    -.1947702    .8657336
       year6 |   .1681924    .266852     0.63   0.529    -.3561555    .6925403
       year7 |   .5282881   .2431881     2.17   0.030     .0504383    1.006138
       year8 |   .7036254   .2737211     2.57   0.010       .16578    1.241471
       year9 |   .1743023   .2653641     0.66   0.512    -.3471219    .6957266
      year10 |   .4111198   .2459904     1.67   0.095    -.0722365    .8944761
      w_maxa |  -.4990504   .3628754    -1.38   0.170    -1.212078    .2139776
      w_maxb |    .461692   .5097405     0.91   0.366    -.5399171    1.463301
      w_maxc |   2.958582   2.264129     1.31   0.192    -1.490293    7.407457
      w_mina |  -.4144797   1.090314    -0.38   0.704     -2.55688     1.72792
      w_minb |  -.7569877   .9020915    -0.84   0.402    -2.529543    1.015567
      w_minc |  -.0575905   .5878794    -0.10   0.922    -1.212738    1.097557
      w_rain |   .5300133   .3980294     1.33   0.184    -.2520903    1.312117
      w_snow |   .1530371   .7843316     0.20   0.845    -1.388127    1.694201
     h_chris |   .3630073   1.114235     0.33   0.745    -1.826398    2.552412
     h_newyr |   3.682729   2.095829     1.76   0.080    -.4354482    7.800905
    h_easter |   .0791482    .220694     0.36   0.720    -.3545021    .5127986
     h_july4 |  -.6972167   .3195643    -2.18   0.030    -1.325141   -.0692923
       h_mem |    1.47465   .4481049     3.29   0.001     .5941507    2.355148
     h_labor |   .0557492   .3049027     0.18   0.855    -.5433661    .6548645
       _cons |   2.644905   .7114176     3.72   0.000     1.247013    4.042798
------------------------------------------------------------------------------

. test pr_attend_v pr_attend_m pr_attend_n

 ( 1)  pr_attend_v = 0
 ( 2)  pr_attend_m = 0
 ( 3)  pr_attend_n = 0

       F(  3,   478) =  728.98
            Prob > F =    0.0000

. scalar mv_c_F_n = r(F)

. 
. * (d) IV with six surrounding-week instruments (rec11 style)
. ivregress 2sls ln_assaults (attend_v attend_m attend_n = attend_v_f attend_m_
> f attend_n_f attend_v_b attend_m_b attend_n_b) month2-month12 year2-year10 w_
> * h_*, small r

Instrumental-variables 2SLS regression            Number of obs   =        516
                                                  F( 37,   478)   =    3113.28
                                                  Prob > F        =     0.0000
                                                  R-squared       =     0.9959
                                                  Adj R-squared   =     0.9956
                                                  Root MSE        =     .04201

------------------------------------------------------------------------------
             |               Robust
 ln_assaults | Coefficient  std. err.      t    P>|t|     [95% conf. interval]
-------------+----------------------------------------------------------------
    attend_v |  -.0031738    .001947    -1.63   0.104    -.0069995    .0006519
    attend_m |  -.0041215   .0012893    -3.20   0.001    -.0066549   -.0015881
    attend_n |  -.0025823   .0017735    -1.46   0.146    -.0060671    .0009024
      month2 |  -.0083817   .0122639    -0.68   0.495    -.0324795    .0157161
      month3 |   .0107342    .011926     0.90   0.369    -.0126996     .034168
      month4 |  -.0005971   .0150914    -0.04   0.968    -.0302507    .0290565
      month5 |   .0093665   .0157399     0.60   0.552    -.0215614    .0402945
      month6 |  -.0261279   .0170698    -1.53   0.127     -.059669    .0074131
      month7 |  -.0309197   .0182213    -1.70   0.090    -.0667236    .0048841
      month8 |  -.0378969   .0170258    -2.23   0.026    -.0713515   -.0044423
      month9 |  -.0162275    .018475    -0.88   0.380    -.0525298    .0200748
     month10 |  -.0051668   .0163903    -0.32   0.753    -.0373728    .0270393
     month11 |   -.041982   .0162695    -2.58   0.010    -.0739506   -.0100134
     month12 |  -.0309227   .0170466    -1.81   0.070    -.0644182    .0025728
       year2 |   .7024853    .009766    71.93   0.000     .6832957    .7216749
       year3 |   1.019473   .0099609   102.35   0.000     .9999008    1.039046
       year4 |   1.229998   .0096266   127.77   0.000     1.211082    1.248914
       year5 |   1.391228   .0104955   132.55   0.000     1.370605    1.411851
       year6 |   1.690567   .0091661   184.44   0.000     1.672557    1.708578
       year7 |     1.8436   .0095695   192.65   0.000     1.824796    1.862404
       year8 |   1.904443   .0105669   180.23   0.000      1.88368    1.925206
       year9 |   1.953668   .0107053   182.50   0.000     1.932633    1.974704
      year10 |   2.075007   .0105922   195.90   0.000     2.054194     2.09582
      w_maxa |   .1100234   .0113156     9.72   0.000     .0877889    .1322579
      w_maxb |   .1115674   .0152269     7.33   0.000     .0816474    .1414873
      w_maxc |   .0467245   .0463921     1.01   0.314    -.0444332    .1378823
      w_mina |  -.3460867   .0597185    -5.80   0.000    -.4634299   -.2287435
      w_minb |  -.1730187   .0373133    -4.64   0.000    -.2463371   -.0997003
      w_minc |  -.1177419   .0180089    -6.54   0.000    -.1531282   -.0823555
      w_rain |  -.0323419    .011853    -2.73   0.007    -.0556324   -.0090514
      w_snow |  -.0593806   .0434062    -1.37   0.172    -.1446711    .0259099
     h_chris |  -.0846491   .0332419    -2.55   0.011    -.1499674   -.0193308
     h_newyr |   .2506721   .1065079     2.35   0.019     .0413906    .4599536
    h_easter |  -.0352877   .0140718    -2.51   0.012    -.0629379   -.0076374
     h_july4 |   .0359202   .0154192     2.33   0.020     .0056224     .066218
       h_mem |   .0115024   .0159264     0.72   0.471     -.019792    .0427967
     h_labor |    .023707   .0108825     2.18   0.030     .0023235    .0450905
       _cons |   6.922517   .0290817   238.04   0.000     6.865373     6.97966
------------------------------------------------------------------------------
Endogenous: attend_v attend_m attend_n
Exogenous:  month2 month3 month4 month5 month6 month7 month8 month9 month10
            month11 month12 year2 year3 year4 year5 year6 year7 year8 year9
            year10 w_maxa w_maxb w_maxc w_mina w_minb w_minc w_rain w_snow
            h_chris h_newyr h_easter h_july4 h_mem h_labor attend_v_f
            attend_m_f attend_n_f attend_v_b attend_m_b attend_n_b

. scalar mv_d_bv = _b[attend_v]

. scalar mv_d_sev = _se[attend_v]

. scalar mv_d_bm = _b[attend_m]

. scalar mv_d_sem = _se[attend_m]

. scalar mv_d_bn = _b[attend_n]

. scalar mv_d_sen = _se[attend_n]

. lincom 6*attend_v - 2*attend_m - 1*attend_n

 ( 1)  6*attend_v - 2*attend_m - attend_n = 0

------------------------------------------------------------------------------
 ln_assaults | Coefficient  Std. err.      t    P>|t|     [95% conf. interval]
-------------+----------------------------------------------------------------
         (1) |  -.0082176   .0088544    -0.93   0.354    -.0256159    .0091807
------------------------------------------------------------------------------

. scalar mv_d_predict = r(estimate)

. scalar mv_d_predSE  = r(se)

. 
. * (e) J-test overidentification, rec11 style: NR^2 from residual regression
. ivregress 2sls ln_assaults (attend_v attend_m attend_n = pr_attend_v pr_atten
> d_m pr_attend_n attend_v_f attend_m_f attend_n_f attend_v_b attend_m_b attend
> _n_b) month2-month12 year2-year10 w_* h_*, small r

Instrumental-variables 2SLS regression            Number of obs   =        516
                                                  F( 37,   478)   =    3120.01
                                                  Prob > F        =     0.0000
                                                  R-squared       =     0.9959
                                                  Adj R-squared   =     0.9956
                                                  Root MSE        =     .04198

------------------------------------------------------------------------------
             |               Robust
 ln_assaults | Coefficient  std. err.      t    P>|t|     [95% conf. interval]
-------------+----------------------------------------------------------------
    attend_v |  -.0039808   .0009586    -4.15   0.000    -.0058644   -.0020971
    attend_m |  -.0040052   .0007262    -5.52   0.000    -.0054321   -.0025782
    attend_n |    -.00289   .0007678    -3.76   0.000    -.0043987   -.0013813
      month2 |  -.0078967    .012453    -0.63   0.526    -.0323662    .0165727
      month3 |   .0107183   .0121313     0.88   0.377     -.013119    .0345557
      month4 |  -.0010739   .0147878    -0.07   0.942    -.0301311    .0279833
      month5 |   .0073361   .0156201     0.47   0.639    -.0233563    .0380286
      month6 |  -.0267382   .0170904    -1.56   0.118    -.0603199    .0068435
      month7 |  -.0303921   .0179385    -1.69   0.091    -.0656401     .004856
      month8 |  -.0379641    .017409    -2.18   0.030    -.0721716   -.0037565
      month9 |  -.0171513    .017347    -0.99   0.323    -.0512372    .0169345
     month10 |  -.0049876   .0162286    -0.31   0.759    -.0368757    .0269006
     month11 |  -.0402322     .01432    -2.81   0.005    -.0683702   -.0120942
     month12 |  -.0310432   .0173592    -1.79   0.074     -.065153    .0030666
       year2 |   .7020895   .0097969    71.66   0.000     .6828392    .7213398
       year3 |   1.019432   .0099468   102.49   0.000     .9998872    1.038977
       year4 |   1.229809   .0097751   125.81   0.000     1.210602    1.249017
       year5 |   1.391333   .0109852   126.66   0.000     1.369747    1.412918
       year6 |    1.69045   .0091999   183.75   0.000     1.672372    1.708527
       year7 |     1.8426   .0096414   191.11   0.000     1.823655    1.861544
       year8 |   1.902912   .0102385   185.86   0.000     1.882794     1.92303
       year9 |   1.954134   .0101135   193.22   0.000     1.934262    1.974007
      year10 |   2.075582   .0102617   202.27   0.000     2.055419    2.095746
      w_maxa |    .110133    .011264     9.78   0.000     .0879999    .1322661
      w_maxb |   .1129293   .0140272     8.05   0.000     .0853667    .1404918
      w_maxc |   .0485352    .044142     1.10   0.272    -.0382012    .1352716
      w_mina |  -.3440792   .0585094    -5.88   0.000    -.4590467   -.2291117
      w_minb |  -.1736866   .0375392    -4.63   0.000    -.2474489   -.0999243
      w_minc |  -.1175959   .0184754    -6.36   0.000     -.153899   -.0812928
      w_rain |  -.0314975   .0120139    -2.62   0.009    -.0551041    -.007891
      w_snow |  -.0601315   .0425984    -1.41   0.159    -.1438347    .0235717
     h_chris |  -.0830251   .0347226    -2.39   0.017     -.151253   -.0147973
     h_newyr |   .2524374   .1100995     2.29   0.022     .0360987    .4687761
    h_easter |  -.0354393   .0137961    -2.57   0.011    -.0625477   -.0083308
     h_july4 |   .0347195   .0151893     2.29   0.023     .0048734    .0645656
       h_mem |   .0122783   .0117589     1.04   0.297    -.0108273    .0353838
     h_labor |   .0234736   .0107944     2.17   0.030     .0022633    .0446839
       _cons |   6.926377   .0185385   373.62   0.000      6.88995    6.962804
------------------------------------------------------------------------------
Endogenous: attend_v attend_m attend_n
Exogenous:  month2 month3 month4 month5 month6 month7 month8 month9 month10
            month11 month12 year2 year3 year4 year5 year6 year7 year8 year9
            year10 w_maxa w_maxb w_maxc w_mina w_minb w_minc w_rain w_snow
            h_chris h_newyr h_easter h_july4 h_mem h_labor pr_attend_v
            pr_attend_m pr_attend_n attend_v_f attend_m_f attend_n_f
            attend_v_b attend_m_b attend_n_b

. predict e_iv, residuals

. reg e_iv pr_attend_v pr_attend_m pr_attend_n attend_v_f attend_m_f attend_n_f
>  attend_v_b attend_m_b attend_n_b, r

Linear regression                               Number of obs     =        516
                                                F(9, 506)         =       1.08
                                                Prob > F          =     0.3791
                                                R-squared         =     0.0158
                                                Root MSE          =     .04048

------------------------------------------------------------------------------
             |               Robust
        e_iv | Coefficient  std. err.      t    P>|t|     [95% conf. interval]
-------------+----------------------------------------------------------------
 pr_attend_v |   -.000338   .0009354    -0.36   0.718    -.0021758    .0014998
 pr_attend_m |   .0001406   .0006131     0.23   0.819     -.001064    .0013451
 pr_attend_n |  -.0000243   .0006008    -0.04   0.968    -.0012046     .001156
  attend_v_f |   -.000875   .0008354    -1.05   0.295    -.0025163    .0007663
  attend_m_f |   .0003799   .0005513     0.69   0.491    -.0007032     .001463
  attend_n_f |    .000771   .0005849     1.32   0.188    -.0003782    .0019202
  attend_v_b |   .0010497   .0010127     1.04   0.300    -.0009399    .0030394
  attend_m_b |  -.0006256   .0005605    -1.12   0.265    -.0017267    .0004755
  attend_n_b |  -.0009097   .0007592    -1.20   0.231    -.0024013     .000582
       _cons |   .0026153   .0085771     0.30   0.761    -.0142358    .0194664
------------------------------------------------------------------------------

. scalar mv_e_J   = e(r2) * e(N)

. scalar mv_e_Jdf = 6    // 9 instruments - 3 endogenous regressors

. scalar mv_e_Jp  = 1 - chi2(mv_e_Jdf, mv_e_J)

. 
. file write mac "\newcommand{\movN}{"        %4.0f (n_mov)     "}" _n

. file write mac "\newcommand{\movAiF}{"      %6.2f (mv_ai_F)   "}" _n

. file write mac "\newcommand{\movAip}{"      %6.4f (mv_ai_p)   "}" _n

. file write mac "\newcommand{\movAiiF}{"     %6.2f (mv_aii_F)  "}" _n

. file write mac "\newcommand{\movAiip}{"     %6.4f (mv_aii_p)  "}" _n

. file write mac "\newcommand{\movBbv}{"      %8.5f (mv_b_bv)   "}" _n

. file write mac "\newcommand{\movBsev}{"     %8.5f (mv_b_sev)  "}" _n

. file write mac "\newcommand{\movBbm}{"      %8.5f (mv_b_bm)   "}" _n

. file write mac "\newcommand{\movBsem}{"     %8.5f (mv_b_sem)  "}" _n

. file write mac "\newcommand{\movBbn}{"      %8.5f (mv_b_bn)   "}" _n

. file write mac "\newcommand{\movBsen}{"     %8.5f (mv_b_sen)  "}" _n

. file write mac "\newcommand{\movBpvm}{"     %6.4f (mv_b_pvm)  "}" _n

. file write mac "\newcommand{\movBpvn}{"     %6.4f (mv_b_pvn)  "}" _n

. file write mac "\newcommand{\movBFj}{"      %6.2f (mv_b_Fj)   "}" _n

. file write mac "\newcommand{\movBpj}{"      %6.4f (mv_b_pj)   "}" _n

. file write mac "\newcommand{\movBpredict}{" %7.4f (mv_b_predict) "}" _n

. file write mac "\newcommand{\movBpredSE}{"  %7.4f (mv_b_predSE)  "}" _n

. file write mac "\newcommand{\movBpredLo}{"  %7.4f (mv_b_predLo)  "}" _n

. file write mac "\newcommand{\movBpredHi}{"  %7.4f (mv_b_predHi)  "}" _n

. file write mac "\newcommand{\movCbv}{"      %8.5f (mv_c_bv)   "}" _n

. file write mac "\newcommand{\movCsev}{"     %8.5f (mv_c_sev)  "}" _n

. file write mac "\newcommand{\movCbm}{"      %8.5f (mv_c_bm)   "}" _n

. file write mac "\newcommand{\movCsem}{"     %8.5f (mv_c_sem)  "}" _n

. file write mac "\newcommand{\movCbn}{"      %8.5f (mv_c_bn)   "}" _n

. file write mac "\newcommand{\movCsen}{"     %8.5f (mv_c_sen)  "}" _n

. file write mac "\newcommand{\movCpvm}{"     %6.4f (mv_c_pvm)  "}" _n

. file write mac "\newcommand{\movCpvn}{"     %6.4f (mv_c_pvn)  "}" _n

. file write mac "\newcommand{\movCpredict}{" %7.4f (mv_c_predict) "}" _n

. file write mac "\newcommand{\movCpredSE}{"  %7.4f (mv_c_predSE)  "}" _n

. file write mac "\newcommand{\movCpredLo}{"  %7.4f (mv_c_predLo)  "}" _n

. file write mac "\newcommand{\movCpredHi}{"  %7.4f (mv_c_predHi)  "}" _n

. file write mac "\newcommand{\movCFv}{"      %6.1f (mv_c_F_v)  "}" _n

. file write mac "\newcommand{\movCFm}{"      %6.1f (mv_c_F_m)  "}" _n

. file write mac "\newcommand{\movCFn}{"      %6.1f (mv_c_F_n)  "}" _n

. file write mac "\newcommand{\movDbv}{"      %8.5f (mv_d_bv)   "}" _n

. file write mac "\newcommand{\movDsev}{"     %8.5f (mv_d_sev)  "}" _n

. file write mac "\newcommand{\movDbm}{"      %8.5f (mv_d_bm)   "}" _n

. file write mac "\newcommand{\movDsem}{"     %8.5f (mv_d_sem)  "}" _n

. file write mac "\newcommand{\movDbn}{"      %8.5f (mv_d_bn)   "}" _n

. file write mac "\newcommand{\movDsen}{"     %8.5f (mv_d_sen)  "}" _n

. file write mac "\newcommand{\movDpredict}{" %7.4f (mv_d_predict) "}" _n

. file write mac "\newcommand{\movDpredSE}{"  %7.4f (mv_d_predSE)  "}" _n

. file write mac "\newcommand{\movEJ}{"       %6.2f (mv_e_J)    "}" _n

. file write mac "\newcommand{\movEJdf}{"     %2.0f (mv_e_Jdf)  "}" _n

. file write mac "\newcommand{\movEJp}{"      %6.4f (mv_e_Jp)   "}" _n

. 
. *==============================================================
. * E13.1  Race/gender discrimination in callbacks  (names.dta)
. *==============================================================
. use "data/names.dta", clear

. di _dup(60) "=" _n "E13.1 NAMES" _n _dup(60) "="
============================================================
E13.1 NAMES
============================================================

. count
  4,870

. scalar n_names = r(N)

. 
. gen black_female = black*female

. gen black_high   = black*high

. 
. * (a) Raw callback rates by race and diff-in-means 95% CI; cross-check with L
> PM
. sum call_back

    Variable |        Obs        Mean    Std. dev.       Min        Max
-------------+---------------------------------------------------------
   call_back |      4,870    .0804928    .2720826          0          1

. scalar nm_overall = r(mean)

. sum call_back if black == 0

    Variable |        Obs        Mean    Std. dev.       Min        Max
-------------+---------------------------------------------------------
   call_back |      2,435    .0965092     .295349          0          1

. scalar nm_cb_white = r(mean)

. scalar nm_n_white  = r(N)

. sum call_back if black == 1

    Variable |        Obs        Mean    Std. dev.       Min        Max
-------------+---------------------------------------------------------
   call_back |      2,435    .0644764    .2456501          0          1

. scalar nm_cb_black = r(mean)

. scalar nm_n_black  = r(N)

. scalar nm_diff    = nm_cb_white - nm_cb_black

. scalar nm_se_diff = sqrt(nm_cb_white*(1-nm_cb_white)/nm_n_white ///
>                         + nm_cb_black*(1-nm_cb_black)/nm_n_black)

. scalar nm_t       = nm_diff / nm_se_diff

. scalar nm_ci_lo   = nm_diff - 1.96*nm_se_diff

. scalar nm_ci_hi   = nm_diff + 1.96*nm_se_diff

. 
. * LPM for callback gap (rec11 style)
. reg call_back black, r

Linear regression                               Number of obs     =      4,870
                                                F(1, 4868)        =      16.93
                                                Prob > F          =     0.0000
                                                R-squared         =     0.0035
                                                Root MSE          =     .27164

------------------------------------------------------------------------------
             |               Robust
   call_back | Coefficient  std. err.      t    P>|t|     [95% conf. interval]
-------------+----------------------------------------------------------------
       black |  -.0320329    .007785    -4.11   0.000    -.0472949   -.0167708
       _cons |   .0965092   .0059853    16.12   0.000     .0847753    .1082431
------------------------------------------------------------------------------

. scalar nm_LPM_b  = _b[black]

. scalar nm_LPM_se = _se[black]

. 
. * (b) Interaction regression for gender (rec11 style)
. reg call_back black female black_female, r

Linear regression                               Number of obs     =      4,870
                                                F(3, 4866)        =       5.99
                                                Prob > F          =     0.0004
                                                R-squared         =     0.0037
                                                Root MSE          =     .27167

------------------------------------------------------------------------------
             |               Robust
   call_back | Coefficient  std. err.      t    P>|t|     [95% conf. interval]
-------------+----------------------------------------------------------------
       black |  -.0304079   .0155162    -1.96   0.050    -.0608266    .0000109
      female |   .0102291    .013735     0.74   0.456    -.0166978    .0371559
black_female |   -.002239    .017932    -0.12   0.901    -.0373938    .0329157
       _cons |   .0886957   .0118612     7.48   0.000     .0654424    .1119489
------------------------------------------------------------------------------

. scalar nm_b_black_b   = _b[black]

. scalar nm_b_black_se  = _se[black]

. scalar nm_b_female_b  = _b[female]

. scalar nm_b_female_se = _se[female]

. scalar nm_b_bfem_b    = _b[black_female]

. scalar nm_b_bfem_se   = _se[black_female]

. test black_female

 ( 1)  black_female = 0

       F(  1,  4866) =    0.02
            Prob > F =    0.9006

. scalar nm_gen_pint    = r(p)

. * Implied black effect for men (black=1, female=0): _b[black]
. scalar nm_male_b  = nm_b_black_b

. scalar nm_male_se = nm_b_black_se

. * Implied black effect for women (female=1): _b[black] + _b[black_female]
. scalar nm_fem_b   = nm_b_black_b + nm_b_bfem_b

. * Compute SE via lincom
. lincom black + black_female

 ( 1)  black + black_female = 0

------------------------------------------------------------------------------
   call_back | Coefficient  Std. err.      t    P>|t|     [95% conf. interval]
-------------+----------------------------------------------------------------
         (1) |  -.0326469   .0089891    -3.63   0.000    -.0502695   -.0150243
------------------------------------------------------------------------------

. scalar nm_fem_se  = r(se)

. 
. * (c) High-low difference pooled and by race (rec11 style)
. reg call_back high, r

Linear regression                               Number of obs     =      4,870
                                                F(1, 4868)        =       3.25
                                                Prob > F          =     0.0713
                                                R-squared         =     0.0007
                                                Root MSE          =     .27202

------------------------------------------------------------------------------
             |               Robust
   call_back | Coefficient  std. err.      t    P>|t|     [95% conf. interval]
-------------+----------------------------------------------------------------
        high |   .0140574   .0077932     1.80   0.071    -.0012207    .0293356
       _cons |   .0734323   .0052991    13.86   0.000     .0630436     .083821
------------------------------------------------------------------------------

. scalar nm_hilo    = _b[high]

. scalar nm_hilo_se = _se[high]

. reg call_back black high black_high, r

Linear regression                               Number of obs     =      4,870
                                                F(3, 4866)        =       6.61
                                                Prob > F          =     0.0002
                                                R-squared         =     0.0044
                                                Root MSE          =     .27157

------------------------------------------------------------------------------
             |               Robust
   call_back | Coefficient  std. err.      t    P>|t|     [95% conf. interval]
-------------+----------------------------------------------------------------
       black |  -.0231023   .0105901    -2.18   0.029    -.0438636    -.002341
        high |   .0229478   .0119584     1.92   0.055     -.000496    .0463917
  black_high |  -.0177808   .0155605    -1.14   0.253    -.0482864    .0127248
       _cons |   .0849835   .0080133    10.61   0.000     .0692739    .1006931
------------------------------------------------------------------------------

. scalar nm_c_black_b    = _b[black]

. scalar nm_c_black_se   = _se[black]

. scalar nm_c_high_b     = _b[high]

. scalar nm_c_high_se    = _se[high]

. scalar nm_c_bhigh_b    = _b[black_high]

. scalar nm_c_bhigh_se   = _se[black_high]

. test black_high

 ( 1)  black_high = 0

       F(  1,  4866) =    1.31
            Prob > F =    0.2532

. scalar nm_hilo_race_pint = r(p)

. * Implied white high-low = _b[high]; implied black high-low = _b[high] + _b[b
> lack_high]
. scalar nm_wh_hilo = nm_c_high_b

. lincom high + black_high

 ( 1)  high + black_high = 0

------------------------------------------------------------------------------
   call_back | Coefficient  Std. err.      t    P>|t|     [95% conf. interval]
-------------+----------------------------------------------------------------
         (1) |   .0051671   .0099562     0.52   0.604    -.0143516    .0246857
------------------------------------------------------------------------------

. scalar nm_bl_hilo = r(estimate)

. * Cell means (for the SW "what is the callback rate for X?" prose)
. sum call_back if high == 1 & black == 0

    Variable |        Obs        Mean    Std. dev.       Min        Max
-------------+---------------------------------------------------------
   call_back |      1,223    .1079313    .3104206          0          1

. scalar nm_wh_hi = r(mean)

. sum call_back if high == 0 & black == 0

    Variable |        Obs        Mean    Std. dev.       Min        Max
-------------+---------------------------------------------------------
   call_back |      1,212    .0849835    .2789722          0          1

. scalar nm_wh_lo = r(mean)

. sum call_back if high == 1 & black == 1

    Variable |        Obs        Mean    Std. dev.       Min        Max
-------------+---------------------------------------------------------
   call_back |      1,223    .0670482    .2502078          0          1

. scalar nm_bl_hi = r(mean)

. sum call_back if high == 0 & black == 1

    Variable |        Obs        Mean    Std. dev.       Min        Max
-------------+---------------------------------------------------------
   call_back |      1,212    .0618812    .2410391          0          1

. scalar nm_bl_lo = r(mean)

. 
. * (d) Balance regression (supplementary; rec11 did not cover this part)
. reg black ofjobs yearsexp honors volunteer military empholes ///
>     workinschool email computerskills specialskills, r

Linear regression                               Number of obs     =      4,870
                                                F(10, 4859)       =       0.69
                                                Prob > F          =     0.7353
                                                R-squared         =     0.0014
                                                Root MSE          =     .50021

------------------------------------------------------------------------------
             |               Robust
       black | Coefficient  std. err.      t    P>|t|     [95% conf. interval]
-------------+----------------------------------------------------------------
      ofjobs |  -.0025936   .0064524    -0.40   0.688    -.0152432    .0100561
    yearsexp |   .0005218   .0015905     0.33   0.743    -.0025964    .0036399
      honors |  -.0124918   .0336408    -0.37   0.710     -.078443    .0534595
   volunteer |   .0082865   .0203319     0.41   0.684    -.0315732    .0481463
    military |   .0285172   .0269551     1.06   0.290    -.0243269    .0813614
    empholes |  -.0023741   .0170594    -0.14   0.889    -.0358181      .03107
workinschool |  -.0086544   .0181226    -0.48   0.633    -.0441828     .026874
       email |  -.0140945   .0207891    -0.68   0.498    -.0548505    .0266616
computersk~s |   .0450254   .0199846     2.25   0.024     .0058465    .0842043
specialski~s |  -.0024873   .0158398    -0.16   0.875    -.0335405    .0285659
       _cons |   .4764176   .0304715    15.63   0.000     .4166797    .5361554
------------------------------------------------------------------------------

. test ofjobs yearsexp honors volunteer military empholes ///
>     workinschool email computerskills specialskills

 ( 1)  ofjobs = 0
 ( 2)  yearsexp = 0
 ( 3)  honors = 0
 ( 4)  volunteer = 0
 ( 5)  military = 0
 ( 6)  empholes = 0
 ( 7)  workinschool = 0
 ( 8)  email = 0
 ( 9)  computerskills = 0
 (10)  specialskills = 0

       F( 10,  4859) =    0.69
            Prob > F =    0.7353

. scalar nm_rand_F = r(F)

. scalar nm_rand_p = r(p)

. 
. file write mac "\newcommand{\namesN}{"           %5.0f (n_names)    "}" _n

. file write mac "\newcommand{\namesCBoverall}{"   %7.4f (nm_overall) "}" _n

. file write mac "\newcommand{\namesCBwhite}{"     %7.4f (nm_cb_white) "}" _n

. file write mac "\newcommand{\namesCBblack}{"     %7.4f (nm_cb_black) "}" _n

. file write mac "\newcommand{\namesNwhite}{"      %5.0f (nm_n_white) "}" _n

. file write mac "\newcommand{\namesNblack}{"      %5.0f (nm_n_black) "}" _n

. file write mac "\newcommand{\namesDiff}{"        %7.4f (nm_diff)    "}" _n

. file write mac "\newcommand{\namesSEdiff}{"      %7.4f (nm_se_diff) "}" _n

. file write mac "\newcommand{\namesT}{"           %6.2f (nm_t)       "}" _n

. file write mac "\newcommand{\namesCIlo}{"        %7.4f (nm_ci_lo)   "}" _n

. file write mac "\newcommand{\namesCIhi}{"        %7.4f (nm_ci_hi)   "}" _n

. file write mac "\newcommand{\namesLPMb}{"        %7.4f (nm_LPM_b)   "}" _n

. file write mac "\newcommand{\namesLPMse}{"       %7.4f (nm_LPM_se)  "}" _n

. file write mac "\newcommand{\namesBblackB}{"     %7.4f (nm_b_black_b)  "}" _n

. file write mac "\newcommand{\namesBblackSE}{"    %7.4f (nm_b_black_se) "}" _n

. file write mac "\newcommand{\namesBfemB}{"       %7.4f (nm_b_female_b) "}" _n

. file write mac "\newcommand{\namesBfemSE}{"      %7.4f (nm_b_female_se) "}" _
> n

. file write mac "\newcommand{\namesBbfemB}{"      %7.4f (nm_b_bfem_b) "}" _n

. file write mac "\newcommand{\namesBbfemSE}{"     %7.4f (nm_b_bfem_se) "}" _n

. file write mac "\newcommand{\namesMaleb}{"       %7.4f (nm_male_b)  "}" _n

. file write mac "\newcommand{\namesMalese}{"      %7.4f (nm_male_se) "}" _n

. file write mac "\newcommand{\namesFemb}{"        %7.4f (nm_fem_b)   "}" _n

. file write mac "\newcommand{\namesFemse}{"       %7.4f (nm_fem_se)  "}" _n

. file write mac "\newcommand{\namesGenPint}{"     %6.4f (nm_gen_pint) "}" _n

. file write mac "\newcommand{\namesHiLo}{"        %7.4f (nm_hilo)    "}" _n

. file write mac "\newcommand{\namesHiLose}{"      %7.4f (nm_hilo_se) "}" _n

. file write mac "\newcommand{\namesCblackB}{"     %7.4f (nm_c_black_b) "}" _n

. file write mac "\newcommand{\namesCblackSE}{"    %7.4f (nm_c_black_se) "}" _n

. file write mac "\newcommand{\namesChighB}{"      %7.4f (nm_c_high_b) "}" _n

. file write mac "\newcommand{\namesChighSE}{"     %7.4f (nm_c_high_se) "}" _n

. file write mac "\newcommand{\namesCbhighB}{"     %7.4f (nm_c_bhigh_b) "}" _n

. file write mac "\newcommand{\namesCbhighSE}{"    %7.4f (nm_c_bhigh_se) "}" _n

. file write mac "\newcommand{\namesWhHi}{"        %7.4f (nm_wh_hi)   "}" _n

. file write mac "\newcommand{\namesWhLo}{"        %7.4f (nm_wh_lo)   "}" _n

. file write mac "\newcommand{\namesWhHiLo}{"      %7.4f (nm_wh_hilo) "}" _n

. file write mac "\newcommand{\namesBlHi}{"        %7.4f (nm_bl_hi)   "}" _n

. file write mac "\newcommand{\namesBlLo}{"        %7.4f (nm_bl_lo)   "}" _n

. file write mac "\newcommand{\namesBlHiLo}{"      %7.4f (nm_bl_hilo) "}" _n

. file write mac "\newcommand{\namesHiLoRacePint}{" %6.4f (nm_hilo_race_pint) "
> }" _n

. file write mac "\newcommand{\namesRandF}{"       %6.2f (nm_rand_F)  "}" _n

. file write mac "\newcommand{\namesRandp}{"       %6.4f (nm_rand_p)  "}" _n

. 
. file close mac

. log close
      name:  <unnamed>
       log:  /Users/tylersotomayor/columbia_university/2025-2026/spring_2026/ec
> on_3412_spring_2026/homework/homework_07/do_files/ps7_sw_ee.log
  log type:  text
 closed on:  22 Apr 2026, 04:10:09
-------------------------------------------------------------------------------
