
  ___  ____  ____  ____  ____ ®
 /__    /   ____/   /   ____/      StataNow 19.5
___/   /   /___/   /   /___/       BE—Basic Edition

 Statistics and Data Science       Copyright 1985-2025 StataCorp LLC
                                   StataCorp
                                   4905 Lakeway Drive
                                   College Station, Texas 77845 USA
                                   800-782-8272        https://www.stata.com
                                   979-696-4600        service@stata.com

Stata license: Single-user , expiring 29 Aug 2026
Serial number: 301909360991
  Licensed to: Tyler Sotomayor
               Columbia University

Notes:
      1. Stata is running in batch mode.
      2. Unicode is supported; see help unicode_advice.

. which esttab 
/Users/tylersotomayor/Library/Application Support/Stata/ado/plus/e/esttab.ado
*! version 2.1.1  10jun2022  Ben Jann
*! wrapper for estout
