
  ___  ____  ____  ____  ____ ®
 /__    /   ____/   /   ____/      StataNow 19.5
___/   /   /___/   /   /___/       BE—Basic Edition

 Statistics and Data Science       Copyright 1985-2025 StataCorp LLC
                                   StataCorp
                                   4905 Lakeway Drive
                                   College Station, Texas 77845 USA
                                   800-782-8272        https://www.stata.com
                                   979-696-4600        service@stata.com

Stata license: Single-user , expiring 29 Aug 2026
Serial number: 301909360991
  Licensed to: Tyler Sotomayor
               Columbia University

Notes:
      1. Stata is running in batch mode.
      2. Unicode is supported; see help unicode_advice.

. use "handguns.dta", clear; describe; summarize vio rob mur shall incarc_rate
>  density avginc pop pb1064 pw1064 pm1029 stateid year 
option ; not allowed
r(198);
