------------------------------------------------------------------------------
      name:  <unnamed>
       log:  /Users/tylersotomayor/homework_06/do_files/amex_explore.log
  log type:  text
 opened on:  15 Apr 2026, 07:48:30

. 
. use "../data/AmEx.dta", clear

. describe

Contains data from ../data/AmEx.dta
 Observations:        12,604                  
    Variables:            56                  19 Mar 2021 11:53
------------------------------------------------------------------------------
Variable      Storage   Display    Value
    name         type    format    label      Variable label
------------------------------------------------------------------------------
cardhldr        byte    %8.0g                 
default         byte    %8.0g                 
aadlinc         long    %12.0g                
banksav         byte    %8.0g                 
bankch          byte    %8.0g                 
bankboth        byte    %8.0g                 
age             float   %9.0g                 
acadmos         int     %8.0g                 
acbinq          byte    %8.0g                 
credmajr        byte    %8.0g                 
creddept        byte    %8.0g                 
credgas         byte    %8.0g                 
acurtrd         byte    %8.0g                 
adepcnt         byte    %8.0g                 
aempmos         int     %8.0g                 
prof            byte    %8.0g                 
unemp           byte    %8.0g                 
mgt             byte    %8.0g                 
military        byte    %8.0g                 
clerical        byte    %8.0g                 
sales           byte    %8.0g                 
otherjob        byte    %8.0g                 
majordrg        byte    %8.0g                 
minordrg        byte    %8.0g                 
ownrent         byte    %8.0g                 
apadmos         int     %8.0g                 
amamind         byte    %8.0g                 
income          long    %12.0g                
selfempl        byte    %8.0g                 
tradacct        byte    %8.0g                 
incper          double  %10.0g                
EXP_INC         float   %9.0g                 
expratio        float   %9.0g                 
cptopnb         byte    %8.0g                 
cptopng         byte    %8.0g                 
CPT30C          byte    %8.0g                 
CPTF30          byte    %8.0g                 
cptavrv         int     %8.0g                 
cburden         float   %9.0g                 
buypower        float   %9.0g                 
pctcoll         float   %9.0g                 
medage          float   %9.0g                 
medinc          long    %12.0g                
pctown          float   %9.0g                 
pctblack        float   %9.0g                 
pctspan         float   %9.0g                 
growth          float   %9.0g                 
pctempl         float   %9.0g                 
apparel         float   %9.0g                 
auto            float   %9.0g                 
buildmtl        float   %9.0g                 
deptstor        float   %9.0g                 
drugstor        float   %9.0g                 
eatdrink        float   %9.0g                 
furn            float   %9.0g                 
gas             float   %9.0g                 
------------------------------------------------------------------------------
Sorted by: 

. summarize

    Variable |        Obs        Mean    Std. dev.       Min        Max
-------------+---------------------------------------------------------
    cardhldr |     12,604    .7828467    .4123242          0          1
     default |     12,604    .0748969    .2632353          0          1
     aadlinc |     12,604    4126.406    9132.283          0      99999
     banksav |     12,604    .0337195    .1805133          0          1
      bankch |     12,604    .2962552     .456623          0          1
-------------+---------------------------------------------------------
    bankboth |     12,604    .6700254    .4702222          0          1
         age |     12,604    33.54668     10.0565         18   88.58334
     acadmos |     12,604    55.38773    63.20648          0        576
      acbinq |     12,604      1.4086     2.29727          0         56
    credmajr |     12,604    .8118851    .3908194          0          1
-------------+---------------------------------------------------------
    creddept |     12,604    .1606633    .3672347          0          1
     credgas |     12,604    .0274516    .1634017          0          1
     acurtrd |     12,604    7.178991    6.509913          0         84
     adepcnt |     12,604    1.017137     1.27949          0          9
     aempmos |     12,604    60.77777    72.55819          0        600
-------------+---------------------------------------------------------
        prof |     12,604    .1155189    .3196598          0          1
       unemp |     12,604    .0005554    .0235609          0          1
         mgt |     12,604    .0744208    .2624649          0          1
    military |     12,604    .0226912    .1489231          0          1
    clerical |     12,604    .0887813    .2844392          0          1
-------------+---------------------------------------------------------
       sales |     12,604    .0778324    .2679183          0          1
    otherjob |     12,604    .6201999    .4853562          0          1
    majordrg |     12,604    .4653285    1.440228          0         22
    minordrg |     12,604     .290146    .7680198          0         11
     ownrent |     12,604     .455887      .49807          0          1
-------------+---------------------------------------------------------
     apadmos |     12,604    81.25651    80.56568          0        600
     amamind |     12,604    .0726753    .2596131          0          1
      income |     12,604    30134.44    15020.35        600      99999
    selfempl |     12,604    .0580768    .2338979          0          1
    tradacct |     12,604    6.424865    6.088987          0         50
-------------+---------------------------------------------------------
      incper |     12,604    21740.05     13613.1      362.5     150000
     EXP_INC |     12,604      .07117    .1045366   .0000882   2.037728
    expratio |     12,604    3.082815    18.69383   .0009205   789.0617
     cptopnb |     12,604     6.06006    5.224421          0         43
     cptopng |     12,604     2.27523     2.61676          0         27
-------------+---------------------------------------------------------
      CPT30C |     12,604    .0559346    .2626723          0          3
      CPTF30 |     12,604    .3659949    1.250713          0         21
     cptavrv |     12,604    5.285465    7.568224          0        190
     cburden |     12,604    46.68997     43.2955          0     2522.5
    buypower |     12,604    .0139816    .0091179          0      .1134
-------------+---------------------------------------------------------
     pctcoll |     12,604    10.73472    8.526228          0       54.9
      medage |     12,604    33.19213    5.393277          0         65
      medinc |     12,604    28363.61    10440.06          0      75001
      pctown |     12,604    53.92504    28.58722          0        100
    pctblack |     12,604    11.79142    20.59577          0        100
-------------+---------------------------------------------------------
     pctspan |     12,604    7.787901    13.17518          0       96.6
      growth |     12,604    32.12361    199.8336        -70     5610.1
     pctempl |     12,604    41.36789    110.7789          0     5126.2
     apparel |     12,604    2.443835     2.42861          0       33.3
        auto |     12,604    1.493827    1.299378          0       33.3
-------------+---------------------------------------------------------
    buildmtl |     12,604    1.127555     1.23178          0       33.3
    deptstor |     12,604    .1577674    .2285623          0        2.9
    drugstor |     12,604    1.127555     1.23178          0       33.3
    eatdrink |     12,604    6.674238    4.008719          0        100
        furn |     12,604    1.862115    2.508516          0        100
-------------+---------------------------------------------------------
         gas |     12,604    1.765424    1.831279          0        100

. codebook, compact

Variable     Obs Unique      Mean       Min       Max  Label
------------------------------------------------------------------------------
cardhldr   12604      2  .7828467         0         1  
default    12604      2  .0748969         0         1  
aadlinc    12604    726  4126.406         0     99999  
banksav    12604      2  .0337195         0         1  
bankch     12604      2  .2962552         0         1  
bankboth   12604      2  .6700254         0         1  
age        12604    623  33.54668        18  88.58334  
acadmos    12604    324  55.38773         0       576  
acbinq     12604     27    1.4086         0        56  
credmajr   12604      2  .8118851         0         1  
creddept   12604      2  .1606633         0         1  
credgas    12604      2  .0274516         0         1  
acurtrd    12604     49  7.178991         0        84  
adepcnt    12604      9  1.017137         0         9  
aempmos    12604    370  60.77777         0       600  
prof       12604      2  .1155189         0         1  
unemp      12604      2  .0005554         0         1  
mgt        12604      2  .0744208         0         1  
military   12604      2  .0226912         0         1  
clerical   12604      2  .0887813         0         1  
sales      12604      2  .0778324         0         1  
otherjob   12604      2  .6201999         0         1  
majordrg   12604     20  .4653285         0        22  
minordrg   12604     11   .290146         0        11  
ownrent    12604      2   .455887         0         1  
apadmos    12604    118  81.25651         0       600  
amamind    12604      2  .0726753         0         1  
income     12604   1648  30134.44       600     99999  
selfempl   12604      2  .0580768         0         1  
tradacct   12604     45  6.424865         0        50  
incper     12604   2662  21740.05     362.5    150000  
EXP_INC    12604  10379    .07117  .0000882  2.037728  
expratio   12604   9369  3.082815  .0009205  789.0617  
cptopnb    12604     42   6.06006         0        43  
cptopng    12604     22   2.27523         0        27  
CPT30C     12604      4  .0559346         0         3  
CPTF30     12604     20  .3659949         0        21  
cptavrv    12604     83  5.285465         0       190  
cburden    12604   1185  46.68997         0    2522.5  
buypower   12604    363  .0139816         0     .1134  
pctcoll    12604    381  10.73472         0      54.9  
medage     12604    314  33.19213         0        65  
medinc     12604   5191  28363.61         0     75001  
pctown     12604    864  53.92504         0       100  
pctblack   12604    679  11.79142         0       100  
pctspan    12604    484  7.787901         0      96.6  
growth     12604   1139  32.12361       -70    5610.1  
pctempl    12604   1111  41.36789         0    5126.2  
apparel    12604    153  2.443835         0      33.3  
auto       12604     89  1.493827         0      33.3  
buildmtl   12604     83  1.127555         0      33.3  
deptstor   12604     25  .1577674         0       2.9  
drugstor   12604     83  1.127555         0      33.3  
eatdrink   12604    189  6.674238         0       100  
furn       12604     86  1.862115         0       100  
gas        12604    102  1.765424         0       100  
------------------------------------------------------------------------------

. 
. * Tab the binary outcome
. tab cardhldr, missing

   cardhldr |      Freq.     Percent        Cum.
------------+-----------------------------------
          0 |      2,737       21.72       21.72
          1 |      9,867       78.28      100.00
------------+-----------------------------------
      Total |     12,604      100.00

. 
. log close
      name:  <unnamed>
       log:  /Users/tylersotomayor/homework_06/do_files/amex_explore.log
  log type:  text
 closed on:  15 Apr 2026, 07:48:30
------------------------------------------------------------------------------
